2020-12-02 22:02:39.509 [main] ERROR org.springframework.boot.diagnostics.LoggingFailureAnalysisReporter - 

***************************
APPLICATION FAILED TO START
***************************

Description:

Parameter 0 of constructor in com.feiyongjing.wxshop.service.OrderService required a bean of type 'com.feiyongjing.wxshop.api.rpc.OrderRpcService' that could not be found.


Action:

Consider defining a bean of type 'com.feiyongjing.wxshop.api.rpc.OrderRpcService' in your configuration.

2020-12-02 22:04:16.160 [main] ERROR org.springframework.boot.diagnostics.LoggingFailureAnalysisReporter - 

***************************
APPLICATION FAILED TO START
***************************

Description:

Parameter 0 of constructor in com.feiyongjing.wxshop.service.OrderService required a bean of type 'com.feiyongjing.wxshop.api.rpc.OrderRpcService' that could not be found.


Action:

Consider defining a bean of type 'com.feiyongjing.wxshop.api.rpc.OrderRpcService' in your configuration.

2020-12-02 22:18:10.599 [main] ERROR org.springframework.boot.diagnostics.LoggingFailureAnalysisReporter - 

***************************
APPLICATION FAILED TO START
***************************

Description:

Parameter 0 of constructor in com.feiyongjing.wxshop.service.OrderService required a bean of type 'com.feiyongjing.wxshop.api.rpc.OrderRpcService' that could not be found.


Action:

Consider defining a bean of type 'com.feiyongjing.wxshop.api.rpc.OrderRpcService' in your configuration.

2020-12-02 22:45:25.651 [main] ERROR org.springframework.boot.diagnostics.LoggingFailureAnalysisReporter - 

***************************
APPLICATION FAILED TO START
***************************

Description:

Parameter 0 of constructor in com.feiyongjing.wxshop.service.OrderService required a bean of type 'com.feiyongjing.wxshop.api.rpc.OrderRpcService' that could not be found.


Action:

Consider defining a bean of type 'com.feiyongjing.wxshop.api.rpc.OrderRpcService' in your configuration.

2020-12-02 22:55:08.486 [main] ERROR org.springframework.boot.diagnostics.LoggingFailureAnalysisReporter - 

***************************
APPLICATION FAILED TO START
***************************

Description:

Parameter 0 of constructor in com.feiyongjing.wxshop.service.OrderService required a bean of type 'com.feiyongjing.wxshop.api.rpc.OrderRpcService' that could not be found.


Action:

Consider defining a bean of type 'com.feiyongjing.wxshop.api.rpc.OrderRpcService' in your configuration.

2020-12-02 22:56:58.476 [main] ERROR org.springframework.boot.diagnostics.LoggingFailureAnalysisReporter - 

***************************
APPLICATION FAILED TO START
***************************

Description:

Parameter 0 of constructor in com.feiyongjing.wxshop.service.OrderService required a bean of type 'com.feiyongjing.wxshop.api.rpc.OrderRpcService' that could not be found.


Action:

Consider defining a bean of type 'com.feiyongjing.wxshop.api.rpc.OrderRpcService' in your configuration.

2020-12-02 22:57:28.355 [main] ERROR org.springframework.boot.diagnostics.LoggingFailureAnalysisReporter - 

***************************
APPLICATION FAILED TO START
***************************

Description:

Parameter 0 of constructor in com.feiyongjing.wxshop.service.OrderService required a bean of type 'com.feiyongjing.wxshop.api.rpc.OrderRpcService' that could not be found.


Action:

Consider defining a bean of type 'com.feiyongjing.wxshop.api.rpc.OrderRpcService' in your configuration.

