2020-11-12 21:24:22.719 [main] ERROR org.springframework.boot.SpringApplication - Application run failed
org.springframework.beans.factory.BeanCreationException: Error creating bean with name 'orderController': Injection of @Reference dependencies is failed; nested exception is java.lang.IllegalStateException: Failed to check the status of the service com.feiyongjing.wxshop.api.rpc.OrderRpcService. No provider available for the service com.feiyongjing.wxshop.api.rpc.OrderRpcService:0.0.1 from the url zookeeper://localhost:2181/org.apache.dubbo.registry.RegistryService?application=wxshop&dubbo=2.0.2&init=false&interface=com.feiyongjing.wxshop.api.rpc.OrderRpcService&methods=*&pid=13056&qos.enable=false&register.ip=192.168.1.3&release=2.7.6&revision=0.0.1&side=consumer&sticky=false&timestamp=1605187460963&version=0.0.1 to the consumer 192.168.1.3 use dubbo version 2.7.6
	at com.alibaba.spring.beans.factory.annotation.AbstractAnnotationBeanPostProcessor.postProcessPropertyValues(AbstractAnnotationBeanPostProcessor.java:146)
	at org.springframework.beans.factory.support.AbstractAutowireCapableBeanFactory.populateBean(AbstractAutowireCapableBeanFactory.java:1425)
	at org.springframework.beans.factory.support.AbstractAutowireCapableBeanFactory.doCreateBean(AbstractAutowireCapableBeanFactory.java:593)
	at org.springframework.beans.factory.support.AbstractAutowireCapableBeanFactory.createBean(AbstractAutowireCapableBeanFactory.java:516)
	at org.springframework.beans.factory.support.AbstractBeanFactory.lambda$doGetBean$0(AbstractBeanFactory.java:324)
	at org.springframework.beans.factory.support.DefaultSingletonBeanRegistry.getSingleton(DefaultSingletonBeanRegistry.java:226)
	at org.springframework.beans.factory.support.AbstractBeanFactory.doGetBean(AbstractBeanFactory.java:322)
	at org.springframework.beans.factory.support.AbstractBeanFactory.getBean(AbstractBeanFactory.java:202)
	at org.springframework.beans.factory.support.DefaultListableBeanFactory.preInstantiateSingletons(DefaultListableBeanFactory.java:897)
	at org.springframework.context.support.AbstractApplicationContext.finishBeanFactoryInitialization(AbstractApplicationContext.java:879)
	at org.springframework.context.support.AbstractApplicationContext.refresh(AbstractApplicationContext.java:551)
	at org.springframework.boot.web.servlet.context.ServletWebServerApplicationContext.refresh(ServletWebServerApplicationContext.java:143)
	at org.springframework.boot.SpringApplication.refresh(SpringApplication.java:758)
	at org.springframework.boot.SpringApplication.refresh(SpringApplication.java:750)
	at org.springframework.boot.SpringApplication.refreshContext(SpringApplication.java:397)
	at org.springframework.boot.SpringApplication.run(SpringApplication.java:315)
	at org.springframework.boot.SpringApplication.run(SpringApplication.java:1237)
	at org.springframework.boot.SpringApplication.run(SpringApplication.java:1226)
	at com.feiyongjing.wxshop.WxshopApplication.main(WxshopApplication.java:9)
Caused by: java.lang.IllegalStateException: Failed to check the status of the service com.feiyongjing.wxshop.api.rpc.OrderRpcService. No provider available for the service com.feiyongjing.wxshop.api.rpc.OrderRpcService:0.0.1 from the url zookeeper://localhost:2181/org.apache.dubbo.registry.RegistryService?application=wxshop&dubbo=2.0.2&init=false&interface=com.feiyongjing.wxshop.api.rpc.OrderRpcService&methods=*&pid=13056&qos.enable=false&register.ip=192.168.1.3&release=2.7.6&revision=0.0.1&side=consumer&sticky=false&timestamp=1605187460963&version=0.0.1 to the consumer 192.168.1.3 use dubbo version 2.7.6
	at org.apache.dubbo.config.ReferenceConfig.createProxy(ReferenceConfig.java:349)
	at org.apache.dubbo.config.ReferenceConfig.init(ReferenceConfig.java:258)
	at org.apache.dubbo.config.ReferenceConfig.get(ReferenceConfig.java:158)
	at org.apache.dubbo.config.spring.beans.factory.annotation.ReferenceAnnotationBeanPostProcessor.getOrCreateProxy(ReferenceAnnotationBeanPostProcessor.java:274)
	at org.apache.dubbo.config.spring.beans.factory.annotation.ReferenceAnnotationBeanPostProcessor.doGetInjectedBean(ReferenceAnnotationBeanPostProcessor.java:143)
	at com.alibaba.spring.beans.factory.annotation.AbstractAnnotationBeanPostProcessor.getInjectedObject(AbstractAnnotationBeanPostProcessor.java:359)
	at com.alibaba.spring.beans.factory.annotation.AbstractAnnotationBeanPostProcessor$AnnotatedFieldElement.inject(AbstractAnnotationBeanPostProcessor.java:539)
	at org.springframework.beans.factory.annotation.InjectionMetadata.inject(InjectionMetadata.java:130)
	at com.alibaba.spring.beans.factory.annotation.AbstractAnnotationBeanPostProcessor.postProcessPropertyValues(AbstractAnnotationBeanPostProcessor.java:142)
	... 18 common frames omitted
