2020-11-08 16:53:14.298 [main] ERROR org.springframework.boot.SpringApplication - Application run failed
org.springframework.beans.factory.BeanCreationException: Error creating bean with name 'orderController': Injection of @Reference dependencies is failed; nested exception is java.lang.IllegalStateException: Invalid name="org.apache.dubbo.config.ApplicationConfig#0" contains illegal character, only digit, letter, '-', '_' or '.' is legal.
	at com.alibaba.spring.beans.factory.annotation.AbstractAnnotationBeanPostProcessor.postProcessPropertyValues(AbstractAnnotationBeanPostProcessor.java:146)
	at org.springframework.beans.factory.support.AbstractAutowireCapableBeanFactory.populateBean(AbstractAutowireCapableBeanFactory.java:1425)
	at org.springframework.beans.factory.support.AbstractAutowireCapableBeanFactory.doCreateBean(AbstractAutowireCapableBeanFactory.java:593)
	at org.springframework.beans.factory.support.AbstractAutowireCapableBeanFactory.createBean(AbstractAutowireCapableBeanFactory.java:516)
	at org.springframework.beans.factory.support.AbstractBeanFactory.lambda$doGetBean$0(AbstractBeanFactory.java:324)
	at org.springframework.beans.factory.support.DefaultSingletonBeanRegistry.getSingleton(DefaultSingletonBeanRegistry.java:226)
	at org.springframework.beans.factory.support.AbstractBeanFactory.doGetBean(AbstractBeanFactory.java:322)
	at org.springframework.beans.factory.support.AbstractBeanFactory.getBean(AbstractBeanFactory.java:202)
	at org.springframework.beans.factory.support.DefaultListableBeanFactory.preInstantiateSingletons(DefaultListableBeanFactory.java:897)
	at org.springframework.context.support.AbstractApplicationContext.finishBeanFactoryInitialization(AbstractApplicationContext.java:879)
	at org.springframework.context.support.AbstractApplicationContext.refresh(AbstractApplicationContext.java:551)
	at org.springframework.boot.web.servlet.context.ServletWebServerApplicationContext.refresh(ServletWebServerApplicationContext.java:143)
	at org.springframework.boot.SpringApplication.refresh(SpringApplication.java:758)
	at org.springframework.boot.SpringApplication.refresh(SpringApplication.java:750)
	at org.springframework.boot.SpringApplication.refreshContext(SpringApplication.java:397)
	at org.springframework.boot.SpringApplication.run(SpringApplication.java:315)
	at org.springframework.boot.SpringApplication.run(SpringApplication.java:1237)
	at org.springframework.boot.SpringApplication.run(SpringApplication.java:1226)
	at com.feiyongjing.wxshop.WxshopApplication.main(WxshopApplication.java:15)
Caused by: java.lang.IllegalStateException: Invalid name="org.apache.dubbo.config.ApplicationConfig#0" contains illegal character, only digit, letter, '-', '_' or '.' is legal.
	at org.apache.dubbo.config.utils.ConfigValidationUtils.checkProperty(ConfigValidationUtils.java:588)
	at org.apache.dubbo.config.utils.ConfigValidationUtils.checkName(ConfigValidationUtils.java:546)
	at org.apache.dubbo.config.utils.ConfigValidationUtils.validateApplicationConfig(ConfigValidationUtils.java:386)
	at org.apache.dubbo.config.bootstrap.DubboBootstrap.checkGlobalConfigs(DubboBootstrap.java:526)
	at org.apache.dubbo.config.bootstrap.DubboBootstrap.initialize(DubboBootstrap.java:513)
	at org.apache.dubbo.config.bootstrap.DubboBootstrap.init(DubboBootstrap.java:494)
	at org.apache.dubbo.config.ReferenceConfig.init(ReferenceConfig.java:190)
	at org.apache.dubbo.config.ReferenceConfig.get(ReferenceConfig.java:158)
	at org.apache.dubbo.config.spring.beans.factory.annotation.ReferenceAnnotationBeanPostProcessor.getOrCreateProxy(ReferenceAnnotationBeanPostProcessor.java:274)
	at org.apache.dubbo.config.spring.beans.factory.annotation.ReferenceAnnotationBeanPostProcessor.doGetInjectedBean(ReferenceAnnotationBeanPostProcessor.java:143)
	at com.alibaba.spring.beans.factory.annotation.AbstractAnnotationBeanPostProcessor.getInjectedObject(AbstractAnnotationBeanPostProcessor.java:359)
	at com.alibaba.spring.beans.factory.annotation.AbstractAnnotationBeanPostProcessor$AnnotatedFieldElement.inject(AbstractAnnotationBeanPostProcessor.java:539)
	at org.springframework.beans.factory.annotation.InjectionMetadata.inject(InjectionMetadata.java:130)
	at com.alibaba.spring.beans.factory.annotation.AbstractAnnotationBeanPostProcessor.postProcessPropertyValues(AbstractAnnotationBeanPostProcessor.java:142)
	... 18 common frames omitted
